<?xml version="1.0" encoding="UTF-8"?>
<!-- Generated by org.testng.reporters.JUnitXMLReporter -->
<testsuite ignored="0" hostname="Desktop-Wintest" failures="0" tests="9" name="UEM Automation Test Cases" time="79.051" errors="0" timestamp="2024-11-14T16:20:08 IST">
  <testcase classname="com.uem_automation.qa.testcases.DeviceManagerWindows" name="TC_DMW_001_Validate_users_able_to_view_the_settings_applied_on_the_group" time="12.44"/>
  <testcase classname="com.uem_automation.qa.testcases.DeviceManagerWindows" name="TC_DMW_002_Validate_users_able_to_apply_execute_later_or_saved_task_on_the_group" time="19.407"/>
  <testcase classname="com.uem_automation.qa.testcases.Login" name="TC_LP_001_Validate_login_with_valid_credentials" time="8.507"/>
  <testcase classname="com.uem_automation.qa.testcases.Login" name="TC_LP_002_Validate_login_with_invalid_credentials" time="0.401"/>
  <testcase classname="com.uem_automation.qa.testcases.Login" name="TC_LP_003_Validate_login_with_invalid_email_and_valid_password" time="0.402"/>
  <testcase classname="com.uem_automation.qa.testcases.Login" name="TC_LP_004_Validate_login_with_valid_email_and_invalid_password" time="0.418"/>
  <testcase classname="com.uem_automation.qa.testcases.Login" name="TC_LP_005_Validate_login_without_providing_any_credentials" time="1.237"/>
  <testcase classname="com.uem_automation.qa.testcases.Login" name="TC_LP_006_Validate_forgot_password_link_functionality" time="0.219"/>
  <testcase classname="com.uem_automation.qa.testcases.Login" name="TC_LP_007_Validate_logging_into_the_application_using_keyboard_keys" time="9.174"/>
</testsuite> <!-- UEM Automation Test Cases -->
