<?xml version="1.0" encoding="UTF-8"?>
<!-- Generated by org.testng.reporters.JUnitXMLReporter -->
<testsuite ignored="0" hostname="Desktop-Wintest" failures="0" tests="9" name="Test" time="81.348" errors="0" timestamp="2024-11-14T16:10:01 IST">
  <testcase classname="com.uem_automation.qa.testcases.DeviceManagerWindows" name="TC_DMW_001_Validate_users_able_to_view_the_settings_applied_on_the_group" time="12.258"/>
  <testcase classname="com.uem_automation.qa.testcases.DeviceManagerWindows" name="TC_DMW_002_Validate_users_able_to_apply_execute_later_or_saved_task_on_the_group" time="21.622"/>
  <testcase classname="com.uem_automation.qa.testcases.Login" name="TC_LP_001_Validate_login_with_valid_credentials" time="9.073"/>
  <testcase classname="com.uem_automation.qa.testcases.Login" name="TC_LP_002_Validate_login_with_invalid_credentials" time="0.553"/>
  <testcase classname="com.uem_automation.qa.testcases.Login" name="TC_LP_003_Validate_login_with_invalid_email_and_valid_password" time="0.423"/>
  <testcase classname="com.uem_automation.qa.testcases.Login" name="TC_LP_004_Validate_login_with_valid_email_and_invalid_password" time="0.307"/>
  <testcase classname="com.uem_automation.qa.testcases.Login" name="TC_LP_005_Validate_login_without_providing_any_credentials" time="1.208"/>
  <testcase classname="com.uem_automation.qa.testcases.Login" name="TC_LP_006_Validate_forgot_password_link_functionality" time="0.245"/>
  <testcase classname="com.uem_automation.qa.testcases.Login" name="TC_LP_007_Validate_logging_into_the_application_using_keyboard_keys" time="9.522"/>
</testsuite> <!-- Test -->
