<?xml version="1.0" encoding="UTF-8"?>
<testsuite xmlns:xsi="http://www.w3.org/2001/XMLSchema-instance" xsi:noNamespaceSchemaLocation="https://maven.apache.org/surefire/maven-surefire-plugin/xsd/surefire-test-report.xsd" version="3.0.2" name="TestSuite" time="122.882" tests="13" errors="0" skipped="0" failures="1">
  <properties>
[...]
</properties>
  <testcase name="TC_LP_001_Validate_login_with_valid_credentials[prajwal, pass_123](1)" classname="com.uem_automation.qa.testcases.LoginTest" time="8.475">
    <system-out><![CDATA[
Execution of Project Tests Started

TC_LP_001_Validate_login_with_valid_credentials Started Executing
TC_LP_001_Validate_login_with_valid_credentials Got Passed ✅

]]></system-out>
    <system-err><![CDATA[Nov 27, 2024 6:25:53 PM org.openqa.selenium.devtools.CdpVersionFinder findNearestMatch
WARNING: Unable to find an exact match for CDP version 131, returning the closest version; found: 130; Please update to a Selenium version that supports CDP version 131
]]></system-err>
  </testcase>
  <testcase name="TC_LP_002_Validate_login_with_invalid_credentials" classname="com.uem_automation.qa.testcases.LoginTest" time="0.597">
    <system-out><![CDATA[TC_LP_002_Validate_login_with_invalid_credentials Started Executing
TC_LP_002_Validate_login_with_invalid_credentials Got Passed ✅

]]></system-out>
    <system-err><![CDATA[Nov 27, 2024 6:26:04 PM org.openqa.selenium.devtools.CdpVersionFinder findNearestMatch
WARNING: Unable to find an exact match for CDP version 131, returning the closest version; found: 130; Please update to a Selenium version that supports CDP version 131
]]></system-err>
  </testcase>
  <testcase name="TC_LP_003_Validate_login_with_invalid_email_and_valid_password" classname="com.uem_automation.qa.testcases.LoginTest" time="0.586">
    <system-out><![CDATA[TC_LP_003_Validate_login_with_invalid_email_and_valid_password Started Executing
TC_LP_003_Validate_login_with_invalid_email_and_valid_password Got Passed ✅

]]></system-out>
    <system-err><![CDATA[Nov 27, 2024 6:26:06 PM org.openqa.selenium.devtools.CdpVersionFinder findNearestMatch
WARNING: Unable to find an exact match for CDP version 131, returning the closest version; found: 130; Please update to a Selenium version that supports CDP version 131
]]></system-err>
  </testcase>
  <testcase name="TC_LP_004_Validate_login_with_valid_email_and_invalid_password" classname="com.uem_automation.qa.testcases.LoginTest" time="0.539">
    <system-out><![CDATA[TC_LP_004_Validate_login_with_valid_email_and_invalid_password Started Executing
TC_LP_004_Validate_login_with_valid_email_and_invalid_password Got Passed ✅

]]></system-out>
    <system-err><![CDATA[Nov 27, 2024 6:26:08 PM org.openqa.selenium.devtools.CdpVersionFinder findNearestMatch
WARNING: Unable to find an exact match for CDP version 131, returning the closest version; found: 130; Please update to a Selenium version that supports CDP version 131
]]></system-err>
  </testcase>
  <testcase name="TC_LP_005_Validate_login_without_providing_any_credentials" classname="com.uem_automation.qa.testcases.LoginTest" time="0.357">
    <system-out><![CDATA[TC_LP_005_Validate_login_without_providing_any_credentials Started Executing
TC_LP_005_Validate_login_without_providing_any_credentials Got Passed ✅

]]></system-out>
    <system-err><![CDATA[Nov 27, 2024 6:26:10 PM org.openqa.selenium.devtools.CdpVersionFinder findNearestMatch
WARNING: Unable to find an exact match for CDP version 131, returning the closest version; found: 130; Please update to a Selenium version that supports CDP version 131
]]></system-err>
  </testcase>
  <testcase name="TC_LP_006_Validate_forgot_password_link_functionality" classname="com.uem_automation.qa.testcases.LoginTest" time="10.905">
    <failure message="Cannot invoke &quot;org.openqa.selenium.WebDriver.getClass()&quot; because &quot;exceptionDriver&quot; is null" type="java.lang.NullPointerException"><![CDATA[java.lang.NullPointerException: Cannot invoke "org.openqa.selenium.WebDriver.getClass()" because "exceptionDriver" is null
	at org.openqa.selenium.support.ui.WebDriverWait.timeoutException(WebDriverWait.java:85)
	at org.openqa.selenium.support.ui.FluentWait.until(FluentWait.java:228)
	at com.uem_automation.qa.pages.LoginPage.retrieveLabelText(LoginPage.java:82)
	at com.uem_automation.qa.testcases.LoginTest.TC_LP_006_Validate_forgot_password_link_functionality(LoginTest.java:122)
	at java.base/jdk.internal.reflect.DirectMethodHandleAccessor.invoke(DirectMethodHandleAccessor.java:103)
	at java.base/java.lang.reflect.Method.invoke(Method.java:580)
	at org.testng.internal.invokers.MethodInvocationHelper.invokeMethod(MethodInvocationHelper.java:141)
	at org.testng.internal.invokers.TestInvoker.invokeMethod(TestInvoker.java:686)
	at org.testng.internal.invokers.TestInvoker.invokeTestMethod(TestInvoker.java:230)
	at org.testng.internal.invokers.MethodRunner.runInSequence(MethodRunner.java:63)
	at org.testng.internal.invokers.TestInvoker$MethodInvocationAgent.invoke(TestInvoker.java:992)
	at org.testng.internal.invokers.TestInvoker.invokeTestMethods(TestInvoker.java:203)
	at org.testng.internal.invokers.TestMethodWorker.invokeTestMethods(TestMethodWorker.java:154)
	at org.testng.internal.invokers.TestMethodWorker.run(TestMethodWorker.java:134)
	at java.base/java.util.ArrayList.forEach(ArrayList.java:1596)
	at org.testng.TestRunner.privateRun(TestRunner.java:739)
	at org.testng.TestRunner.run(TestRunner.java:614)
	at org.testng.SuiteRunner.runTest(SuiteRunner.java:421)
	at org.testng.SuiteRunner.runSequentially(SuiteRunner.java:413)
	at org.testng.SuiteRunner.privateRun(SuiteRunner.java:373)
	at org.testng.SuiteRunner.run(SuiteRunner.java:312)
	at org.testng.SuiteRunnerWorker.runSuite(SuiteRunnerWorker.java:52)
	at org.testng.SuiteRunnerWorker.run(SuiteRunnerWorker.java:95)
	at org.testng.TestNG.runSuitesSequentially(TestNG.java:1274)
	at org.testng.TestNG.runSuitesLocally(TestNG.java:1208)
	at org.testng.TestNG.runSuites(TestNG.java:1112)
	at org.testng.TestNG.run(TestNG.java:1079)
	at org.apache.maven.surefire.testng.TestNGExecutor.run(TestNGExecutor.java:308)
	at org.apache.maven.surefire.testng.TestNGXmlTestSuite.execute(TestNGXmlTestSuite.java:71)
	at org.apache.maven.surefire.testng.TestNGProvider.invoke(TestNGProvider.java:113)
	at org.apache.maven.surefire.booter.ForkedBooter.runSuitesInProcess(ForkedBooter.java:385)
	at org.apache.maven.surefire.booter.ForkedBooter.execute(ForkedBooter.java:162)
	at org.apache.maven.surefire.booter.ForkedBooter.run(ForkedBooter.java:507)
	at org.apache.maven.surefire.booter.ForkedBooter.main(ForkedBooter.java:495)
]]></failure>
    <system-out><![CDATA[TC_LP_006_Validate_forgot_password_link_functionality Started Executing
TC_LP_006_Validate_forgot_password_link_functionality Got Failed ❌
java.lang.NullPointerException: Cannot invoke "org.openqa.selenium.WebDriver.getClass()" because "exceptionDriver" is null

]]></system-out>
    <system-err><![CDATA[Nov 27, 2024 6:26:12 PM org.openqa.selenium.devtools.CdpVersionFinder findNearestMatch
WARNING: Unable to find an exact match for CDP version 131, returning the closest version; found: 130; Please update to a Selenium version that supports CDP version 131
]]></system-err>
  </testcase>
  <testcase name="TC_LP_007_Validate_logging_into_the_application_using_keyboard_keys" classname="com.uem_automation.qa.testcases.LoginTest" time="8.22">
    <system-out><![CDATA[TC_LP_007_Validate_logging_into_the_application_using_keyboard_keys Started Executing
TC_LP_007_Validate_logging_into_the_application_using_keyboard_keys Got Passed ✅

]]></system-out>
    <system-err><![CDATA[Nov 27, 2024 6:26:26 PM org.openqa.selenium.devtools.CdpVersionFinder findNearestMatch
WARNING: Unable to find an exact match for CDP version 131, returning the closest version; found: 130; Please update to a Selenium version that supports CDP version 131
]]></system-err>
  </testcase>
  <testcase name="TC_LP_008_Validate_email_and_pass_text_fields_in_login_page_have_placeholder_text" classname="com.uem_automation.qa.testcases.LoginTest" time="0.108">
    <system-out><![CDATA[TC_LP_008_Validate_email_and_pass_text_fields_in_login_page_have_placeholder_text Started Executing
TC_LP_008_Validate_email_and_pass_text_fields_in_login_page_have_placeholder_text Got Passed ✅

]]></system-out>
    <system-err><![CDATA[Nov 27, 2024 6:26:36 PM org.openqa.selenium.devtools.CdpVersionFinder findNearestMatch
WARNING: Unable to find an exact match for CDP version 131, returning the closest version; found: 130; Please update to a Selenium version that supports CDP version 131
]]></system-err>
  </testcase>
  <testcase name="TC_DMW_001_Validate_users_able_to_view_the_settings_applied_on_the_group" classname="com.uem_automation.qa.testcases.DeviceManagerWindowsTest" time="2.747">
    <system-out><![CDATA[TC_DMW_001_Validate_users_able_to_view_the_settings_applied_on_the_group Started Executing
TC_DMW_001_Validate_users_able_to_view_the_settings_applied_on_the_group Got Passed ✅

]]></system-out>
    <system-err><![CDATA[Nov 27, 2024 6:26:38 PM org.openqa.selenium.devtools.CdpVersionFinder findNearestMatch
WARNING: Unable to find an exact match for CDP version 131, returning the closest version; found: 130; Please update to a Selenium version that supports CDP version 131
]]></system-err>
  </testcase>
  <testcase name="TC_DMW_002_Validate_users_able_to_apply_execute_later_or_saved_task_on_the_group" classname="com.uem_automation.qa.testcases.DeviceManagerWindowsTest" time="10.495">
    <system-out><![CDATA[TC_DMW_002_Validate_users_able_to_apply_execute_later_or_saved_task_on_the_group Started Executing
TC_DMW_002_Validate_users_able_to_apply_execute_later_or_saved_task_on_the_group Got Passed ✅

]]></system-out>
    <system-err><![CDATA[Nov 27, 2024 6:26:51 PM org.openqa.selenium.devtools.CdpVersionFinder findNearestMatch
WARNING: Unable to find an exact match for CDP version 131, returning the closest version; found: 130; Please update to a Selenium version that supports CDP version 131
]]></system-err>
  </testcase>
  <testcase name="TC_DMW_003_Validate_users_are_able_to_view_the_information_on_the_windows_os_profile_settings_defined_on_the_group" classname="com.uem_automation.qa.testcases.DeviceManagerWindowsTest" time="3.566">
    <system-out><![CDATA[TC_DMW_003_Validate_users_are_able_to_view_the_information_on_the_windows_os_profile_settings_defined_on_the_group Started Executing
TC_DMW_003_Validate_users_are_able_to_view_the_information_on_the_windows_os_profile_settings_defined_on_the_group Got Passed ✅

]]></system-out>
    <system-err><![CDATA[Nov 27, 2024 6:27:11 PM org.openqa.selenium.devtools.CdpVersionFinder findNearestMatch
WARNING: Unable to find an exact match for CDP version 131, returning the closest version; found: 130; Please update to a Selenium version that supports CDP version 131
]]></system-err>
  </testcase>
  <testcase name="TC_DMW_004_Validate_users_are_able_to_view_the_information_on_the_linux_os_profile_settings_defined_on_the_group" classname="com.uem_automation.qa.testcases.DeviceManagerWindowsTest" time="4.512">
    <system-out><![CDATA[TC_DMW_004_Validate_users_are_able_to_view_the_information_on_the_linux_os_profile_settings_defined_on_the_group Started Executing
TC_DMW_004_Validate_users_are_able_to_view_the_information_on_the_linux_os_profile_settings_defined_on_the_group Got Passed ✅

]]></system-out>
    <system-err><![CDATA[Nov 27, 2024 6:27:24 PM org.openqa.selenium.devtools.CdpVersionFinder findNearestMatch
WARNING: Unable to find an exact match for CDP version 131, returning the closest version; found: 130; Please update to a Selenium version that supports CDP version 131
]]></system-err>
  </testcase>
  <testcase name="TC_DMW_005_Validate_users_are_able_to_view_System_information_about_device_registered" classname="com.uem_automation.qa.testcases.DeviceManagerWindowsTest" time="4.788">
    <system-out><![CDATA[TC_DMW_005_Validate_users_are_able_to_view_System_information_about_device_registered Started Executing
TC_DMW_005_Validate_users_are_able_to_view_System_information_about_device_registered Got Passed ✅

]]></system-out>
    <system-err><![CDATA[Nov 27, 2024 6:27:39 PM org.openqa.selenium.devtools.CdpVersionFinder findNearestMatch
WARNING: Unable to find an exact match for CDP version 131, returning the closest version; found: 130; Please update to a Selenium version that supports CDP version 131
]]></system-err>
  </testcase>
</testsuite>