<?xml version="1.0" encoding="UTF-8"?>
<testng-results ignored="6" total="8" passed="1" failed="1" skipped="0">
  <reporter-output>
  </reporter-output>
  <suite started-at="2024-11-28T12:17:07 IST" name="Failed suite [UEM Automation Suite]" finished-at="2024-11-28T12:17:30 IST" duration-ms="22122">
    <groups>
    </groups>
    <test started-at="2024-11-28T12:17:07 IST" name="UEM Automation Tests(failed)" finished-at="2024-11-28T12:17:30 IST" duration-ms="22122">
      <class name="com.uem_automation.qa.testcases.LoginTest">
        <test-method is-config="true" signature="setUp()[pri:0, instance:com.uem_automation.qa.testcases.LoginTest@1fa268de]" started-at="2024-11-28T12:17:08 IST" name="setUp" finished-at="2024-11-28T12:17:12 IST" duration-ms="4506" status="PASS">
          <reporter-output>
          </reporter-output>
        </test-method> <!-- setUp -->
        <test-method signature="TC_LP_004_Validate_login_with_valid_email_and_invalid_password()[pri:4, instance:com.uem_automation.qa.testcases.LoginTest@1fa268de]" started-at="2024-11-28T12:17:12 IST" name="TC_LP_004_Validate_login_with_valid_email_and_invalid_password" finished-at="2024-11-28T12:17:13 IST" duration-ms="494" status="PASS">
          <reporter-output>
          </reporter-output>
        </test-method> <!-- TC_LP_004_Validate_login_with_valid_email_and_invalid_password -->
        <test-method is-config="true" signature="tearDown()[pri:0, instance:com.uem_automation.qa.testcases.LoginTest@1fa268de]" started-at="2024-11-28T12:17:13 IST" name="tearDown" finished-at="2024-11-28T12:17:14 IST" duration-ms="1016" status="PASS">
          <reporter-output>
          </reporter-output>
        </test-method> <!-- tearDown -->
        <test-method is-config="true" signature="setUp()[pri:0, instance:com.uem_automation.qa.testcases.LoginTest@1fa268de]" started-at="2024-11-28T12:17:14 IST" name="setUp" finished-at="2024-11-28T12:17:18 IST" duration-ms="4158" status="PASS">
          <reporter-output>
          </reporter-output>
        </test-method> <!-- setUp -->
        <test-method signature="TC_LP_006_Validate_forgot_password_link_functionality()[pri:6, instance:com.uem_automation.qa.testcases.LoginTest@1fa268de]" started-at="2024-11-28T12:17:18 IST" name="TC_LP_006_Validate_forgot_password_link_functionality" finished-at="2024-11-28T12:17:28 IST" duration-ms="10489" status="FAIL">
          <exception class="java.lang.NullPointerException">
            <message>
              <![CDATA[Cannot invoke "org.openqa.selenium.WebDriver.getClass()" because "exceptionDriver" is null]]>
            </message>
            <full-stacktrace>
              <![CDATA[java.lang.NullPointerException: Cannot invoke "org.openqa.selenium.WebDriver.getClass()" because "exceptionDriver" is null
at org.openqa.selenium.support.ui.WebDriverWait.timeoutException(WebDriverWait.java:85)
at org.openqa.selenium.support.ui.FluentWait.until(FluentWait.java:228)
at com.uem_automation.qa.pages.LoginPage.retrieveLabelText(LoginPage.java:82)
at com.uem_automation.qa.testcases.LoginTest.TC_LP_006_Validate_forgot_password_link_functionality(LoginTest.java:122)
at java.base/jdk.internal.reflect.DirectMethodHandleAccessor.invoke(DirectMethodHandleAccessor.java:103)
at java.base/java.lang.reflect.Method.invoke(Method.java:580)
at org.testng.internal.MethodInvocationHelper.invokeMethod(MethodInvocationHelper.java:133)
at org.testng.internal.TestInvoker.invokeMethod(TestInvoker.java:598)
at org.testng.internal.TestInvoker.invokeTestMethod(TestInvoker.java:173)
at org.testng.internal.MethodRunner.runInSequence(MethodRunner.java:46)
at org.testng.internal.TestInvoker$MethodInvocationAgent.invoke(TestInvoker.java:824)
at org.testng.internal.TestInvoker.invokeTestMethods(TestInvoker.java:146)
at org.testng.internal.TestMethodWorker.invokeTestMethods(TestMethodWorker.java:146)
at org.testng.internal.TestMethodWorker.run(TestMethodWorker.java:128)
at java.base/java.util.ArrayList.forEach(ArrayList.java:1596)
at org.testng.TestRunner.privateRun(TestRunner.java:794)
at org.testng.TestRunner.run(TestRunner.java:596)
at org.testng.SuiteRunner.runTest(SuiteRunner.java:377)
at org.testng.SuiteRunner.runSequentially(SuiteRunner.java:371)
at org.testng.SuiteRunner.privateRun(SuiteRunner.java:332)
at org.testng.SuiteRunner.run(SuiteRunner.java:276)
at org.testng.SuiteRunnerWorker.runSuite(SuiteRunnerWorker.java:53)
at org.testng.SuiteRunnerWorker.run(SuiteRunnerWorker.java:96)
at org.testng.TestNG.runSuitesSequentially(TestNG.java:1212)
at org.testng.TestNG.runSuitesLocally(TestNG.java:1134)
at org.testng.TestNG.runSuites(TestNG.java:1063)
at org.testng.TestNG.run(TestNG.java:1031)
at org.testng.remote.AbstractRemoteTestNG.run(AbstractRemoteTestNG.java:115)
at org.testng.remote.RemoteTestNG.initAndRun(RemoteTestNG.java:293)
at org.testng.remote.RemoteTestNG.main(RemoteTestNG.java:91)
]]>
            </full-stacktrace>
          </exception> <!-- java.lang.NullPointerException -->
          <reporter-output>
          </reporter-output>
        </test-method> <!-- TC_LP_006_Validate_forgot_password_link_functionality -->
        <test-method is-config="true" signature="tearDown()[pri:0, instance:com.uem_automation.qa.testcases.LoginTest@1fa268de]" started-at="2024-11-28T12:17:29 IST" name="tearDown" finished-at="2024-11-28T12:17:30 IST" duration-ms="886" status="PASS">
          <reporter-output>
          </reporter-output>
        </test-method> <!-- tearDown -->
      </class> <!-- com.uem_automation.qa.testcases.LoginTest -->
    </test> <!-- UEM Automation Tests(failed) -->
  </suite> <!-- Failed suite [UEM Automation Suite] -->
</testng-results>
